Base path: D:/Unity/Editor/Data
Pipe name: \\.\pipe\UnityShaderCompiler-1-5828
Cmd: getPlatforms
Cmd: preprocess
  insize=3325 outsize=1181 ok=1
Cmd: compileSnippet
  api=1 type=0 insize=2380 outsize=132 kw= ok=1
Cmd: compileSnippet
  api=1 type=1 insize=2380 outsize=783 kw= ok=1
Cmd: preprocess
  insize=1551 outsize=865 ok=1
Cmd: compileSnippet
  api=1 type=0 insize=952 outsize=171 kw= ok=1
Cmd: compileSnippet
  api=1 type=1 insize=952 outsize=126 kw= ok=1
Cmd: preprocess
  insize=2702 outsize=1124 ok=1
Cmd: compileSnippet
  api=1 type=0 insize=1825 outsize=132 kw= ok=1
Cmd: compileSnippet
  api=1 type=1 insize=1825 outsize=441 kw= ok=1
